mysql -hlocalhost -ud2_p -p'zentest!!!' d2_p < /YOUR_SERVER_ADDRESS/zen_dev2/zenpository/xen_dev2/c/p/.db/db.sql <imp drop> mysqldump -hlocalhost -ud2_p -p'zentest!!!' --no-data d2_p | grep ^DROP | mysql -hlocalhost -ud2_p -p'zentest!!!' d2_p
[11-Dec-2013 21:14:11 America/Denver] PHP Notice:  Undefined index: client in /Applications/MAMP/htdocs/sites/zenpository/index.php on line 24
[11-Dec-2013 21:14:11 America/Denver] PHP Notice:  Undefined index: project in /Applications/MAMP/htdocs/sites/zenpository/index.php on line 25
[11-Dec-2013 21:14:11 America/Denver] PHP Notice:  Undefined index: type in /Applications/MAMP/htdocs/sites/zenpository/index.php on line 26
[11-Dec-2013 21:14:52 America/Denver] PHP Notice:  Undefined index: client in /Applications/MAMP/htdocs/sites/zenpository/index.php on line 24
[11-Dec-2013 21:14:52 America/Denver] PHP Notice:  Undefined index: project in /Applications/MAMP/htdocs/sites/zenpository/index.php on line 25
[11-Dec-2013 21:14:52 America/Denver] PHP Notice:  Undefined index: type in /Applications/MAMP/htdocs/sites/zenpository/index.php on line 26
[11-Dec-2013 21:14:52 America/Denver] PHP Notice:  Undefined variable: wp_db_creds in /Applications/MAMP/htdocs/sites/zenpository/index.php on line 78
[11-Dec-2013 21:15:21 America/Denver] PHP Notice:  Undefined index: client in /Applications/MAMP/htdocs/sites/zenpository/index.php on line 24
[11-Dec-2013 21:15:21 America/Denver] PHP Notice:  Undefined index: project in /Applications/MAMP/htdocs/sites/zenpository/index.php on line 25
[11-Dec-2013 21:15:21 America/Denver] PHP Notice:  Undefined index: type in /Applications/MAMP/htdocs/sites/zenpository/index.php on line 26
[11-Dec-2013 21:15:22 America/Denver] PHP Notice:  Undefined index: client in /Applications/MAMP/htdocs/sites/zenpository/index.php on line 24
[11-Dec-2013 21:15:22 America/Denver] PHP Notice:  Undefined index: project in /Applications/MAMP/htdocs/sites/zenpository/index.php on line 25
[11-Dec-2013 21:15:22 America/Denver] PHP Notice:  Undefined index: type in /Applications/MAMP/htdocs/sites/zenpository/index.php on line 26
[11-Dec-2013 21:15:37 America/Denver] PHP Notice:  Undefined index: client in /Applications/MAMP/htdocs/sites/zenpository/index.php on line 24
[11-Dec-2013 21:15:37 America/Denver] PHP Notice:  Undefined index: project in /Applications/MAMP/htdocs/sites/zenpository/index.php on line 25
[11-Dec-2013 21:15:37 America/Denver] PHP Notice:  Undefined index: type in /Applications/MAMP/htdocs/sites/zenpository/index.php on line 26
[11-Dec-2013 21:15:53 America/Denver] PHP Notice:  Undefined index: client in /Applications/MAMP/htdocs/sites/zenpository/index.php on line 24
[11-Dec-2013 21:15:53 America/Denver] PHP Notice:  Undefined index: project in /Applications/MAMP/htdocs/sites/zenpository/index.php on line 25
[11-Dec-2013 21:15:53 America/Denver] PHP Notice:  Undefined index: type in /Applications/MAMP/htdocs/sites/zenpository/index.php on line 26
[11-Dec-2013 21:17:06 America/Denver] PHP Notice:  Undefined index: client in /Applications/MAMP/htdocs/sites/zenpository/index.php on line 24
[11-Dec-2013 21:17:06 America/Denver] PHP Notice:  Undefined index: project in /Applications/MAMP/htdocs/sites/zenpository/index.php on line 25
[11-Dec-2013 21:17:06 America/Denver] PHP Notice:  Undefined index: type in /Applications/MAMP/htdocs/sites/zenpository/index.php on line 26
[11-Dec-2013 21:17:07 America/Denver] PHP Notice:  Undefined index: client in /Applications/MAMP/htdocs/sites/zenpository/index.php on line 24
[11-Dec-2013 21:17:07 America/Denver] PHP Notice:  Undefined index: project in /Applications/MAMP/htdocs/sites/zenpository/index.php on line 25
[11-Dec-2013 21:17:07 America/Denver] PHP Notice:  Undefined index: type in /Applications/MAMP/htdocs/sites/zenpository/index.php on line 26
[11-Dec-2013 21:17:32 America/Denver] PHP Notice:  Undefined index: client in /Applications/MAMP/htdocs/sites/zenpository/index.php on line 24
[11-Dec-2013 21:17:32 America/Denver] PHP Notice:  Undefined index: project in /Applications/MAMP/htdocs/sites/zenpository/index.php on line 25
[11-Dec-2013 21:17:32 America/Denver] PHP Notice:  Undefined index: type in /Applications/MAMP/htdocs/sites/zenpository/index.php on line 26
[11-Dec-2013 21:25:41 America/Denver] PHP Notice:  Undefined index: client in /Applications/MAMP/htdocs/sites/zenpository/index.php on line 24
[11-Dec-2013 21:25:41 America/Denver] PHP Notice:  Undefined index: project in /Applications/MAMP/htdocs/sites/zenpository/index.php on line 25
[11-Dec-2013 21:25:41 America/Denver] PHP Notice:  Undefined index: type in /Applications/MAMP/htdocs/sites/zenpository/index.php on line 26
[11-Dec-2013 21:25:41 America/Denver] PHP Notice:  Undefined variable: dir_root in /Applications/MAMP/htdocs/sites/zenpository/lib/helpers/db.php on line 44
[11-Dec-2013 21:26:14 America/Denver] PHP Notice:  Undefined index: client in /Applications/MAMP/htdocs/sites/zenpository/index.php on line 24
[11-Dec-2013 21:26:14 America/Denver] PHP Notice:  Undefined index: project in /Applications/MAMP/htdocs/sites/zenpository/index.php on line 25
[11-Dec-2013 21:26:14 America/Denver] PHP Notice:  Undefined index: type in /Applications/MAMP/htdocs/sites/zenpository/index.php on line 26
[11-Dec-2013 21:26:18 America/Denver] PHP Notice:  Undefined index: client in /Applications/MAMP/htdocs/sites/zenpository/index.php on line 24
[11-Dec-2013 21:26:18 America/Denver] PHP Notice:  Undefined index: project in /Applications/MAMP/htdocs/sites/zenpository/index.php on line 25
[11-Dec-2013 21:26:18 America/Denver] PHP Notice:  Undefined index: type in /Applications/MAMP/htdocs/sites/zenpository/index.php on line 26
[11-Dec-2013 21:26:23 America/Denver] PHP Notice:  Undefined index: client in /Applications/MAMP/htdocs/sites/zenpository/index.php on line 24
[11-Dec-2013 21:26:23 America/Denver] PHP Notice:  Undefined index: project in /Applications/MAMP/htdocs/sites/zenpository/index.php on line 25
[11-Dec-2013 21:26:23 America/Denver] PHP Notice:  Undefined index: type in /Applications/MAMP/htdocs/sites/zenpository/index.php on line 26
[11-Dec-2013 21:26:23 America/Denver] PHP Notice:  Undefined variable: php_script in /Applications/MAMP/htdocs/sites/zenpository/lib/helpers/db.php on line 51
[11-Dec-2013 21:26:41 America/Denver] PHP Notice:  Undefined index: client in /Applications/MAMP/htdocs/sites/zenpository/index.php on line 24
[11-Dec-2013 21:26:41 America/Denver] PHP Notice:  Undefined index: project in /Applications/MAMP/htdocs/sites/zenpository/index.php on line 25
[11-Dec-2013 21:26:41 America/Denver] PHP Notice:  Undefined index: type in /Applications/MAMP/htdocs/sites/zenpository/index.php on line 26
[11-Dec-2013 21:27:55 America/Denver] PHP Notice:  Undefined index: client in /Applications/MAMP/htdocs/sites/zenpository/index.php on line 24
[11-Dec-2013 21:27:55 America/Denver] PHP Notice:  Undefined index: project in /Applications/MAMP/htdocs/sites/zenpository/index.php on line 25
[11-Dec-2013 21:27:55 America/Denver] PHP Notice:  Undefined index: type in /Applications/MAMP/htdocs/sites/zenpository/index.php on line 26
[11-Dec-2013 21:28:23 America/Denver] PHP Notice:  Undefined index: client in /Applications/MAMP/htdocs/sites/zenpository/index.php on line 24
[11-Dec-2013 21:28:23 America/Denver] PHP Notice:  Undefined index: project in /Applications/MAMP/htdocs/sites/zenpository/index.php on line 25
[11-Dec-2013 21:28:23 America/Denver] PHP Notice:  Undefined index: type in /Applications/MAMP/htdocs/sites/zenpository/index.php on line 26
[11-Dec-2013 21:28:52 America/Denver] PHP Notice:  Undefined index: client in /Applications/MAMP/htdocs/sites/zenpository/index.php on line 24
[11-Dec-2013 21:28:52 America/Denver] PHP Notice:  Undefined index: project in /Applications/MAMP/htdocs/sites/zenpository/index.php on line 25
[11-Dec-2013 21:28:52 America/Denver] PHP Notice:  Undefined index: type in /Applications/MAMP/htdocs/sites/zenpository/index.php on line 26
[11-Dec-2013 21:34:32 America/Denver] PHP Notice:  Undefined index: client in /Applications/MAMP/htdocs/sites/zenpository/index.php on line 24
[11-Dec-2013 21:34:32 America/Denver] PHP Notice:  Undefined index: project in /Applications/MAMP/htdocs/sites/zenpository/index.php on line 25
[11-Dec-2013 21:34:32 America/Denver] PHP Notice:  Undefined index: type in /Applications/MAMP/htdocs/sites/zenpository/index.php on line 26
[11-Dec-2013 21:34:32 America/Denver] PHP Notice:  Undefined variable: db_from in /Applications/MAMP/htdocs/sites/zenpository/lib/helpers/db.php on line 73
[11-Dec-2013 21:35:05 America/Denver] PHP Notice:  Undefined index: client in /Applications/MAMP/htdocs/sites/zenpository/index.php on line 24
[11-Dec-2013 21:35:05 America/Denver] PHP Notice:  Undefined index: project in /Applications/MAMP/htdocs/sites/zenpository/index.php on line 25
[11-Dec-2013 21:35:05 America/Denver] PHP Notice:  Undefined index: type in /Applications/MAMP/htdocs/sites/zenpository/index.php on line 26
[11-Dec-2013 21:35:22 America/Denver] PHP Notice:  Undefined index: client in /Applications/MAMP/htdocs/sites/zenpository/index.php on line 24
[11-Dec-2013 21:35:22 America/Denver] PHP Notice:  Undefined index: project in /Applications/MAMP/htdocs/sites/zenpository/index.php on line 25
[11-Dec-2013 21:35:22 America/Denver] PHP Notice:  Undefined index: type in /Applications/MAMP/htdocs/sites/zenpository/index.php on line 26
[11-Dec-2013 21:35:39 America/Denver] PHP Notice:  Undefined index: client in /Applications/MAMP/htdocs/sites/zenpository/index.php on line 24
[11-Dec-2013 21:35:39 America/Denver] PHP Notice:  Undefined index: project in /Applications/MAMP/htdocs/sites/zenpository/index.php on line 25
[11-Dec-2013 21:35:39 America/Denver] PHP Notice:  Undefined index: type in /Applications/MAMP/htdocs/sites/zenpository/index.php on line 26
[11-Dec-2013 21:35:41 America/Denver] PHP Notice:  Undefined index: client in /Applications/MAMP/htdocs/sites/zenpository/index.php on line 24
[11-Dec-2013 21:35:41 America/Denver] PHP Notice:  Undefined index: project in /Applications/MAMP/htdocs/sites/zenpository/index.php on line 25
[11-Dec-2013 21:35:41 America/Denver] PHP Notice:  Undefined index: type in /Applications/MAMP/htdocs/sites/zenpository/index.php on line 26
[11-Dec-2013 21:35:55 America/Denver] PHP Notice:  Undefined index: client in /Applications/MAMP/htdocs/sites/zenpository/index.php on line 24
[11-Dec-2013 21:35:55 America/Denver] PHP Notice:  Undefined index: project in /Applications/MAMP/htdocs/sites/zenpository/index.php on line 25
[11-Dec-2013 21:35:55 America/Denver] PHP Notice:  Undefined index: type in /Applications/MAMP/htdocs/sites/zenpository/index.php on line 26
[11-Dec-2013 21:35:57 America/Denver] PHP Notice:  Undefined index: client in /Applications/MAMP/htdocs/sites/zenpository/index.php on line 24
[11-Dec-2013 21:35:57 America/Denver] PHP Notice:  Undefined index: project in /Applications/MAMP/htdocs/sites/zenpository/index.php on line 25
[11-Dec-2013 21:35:57 America/Denver] PHP Notice:  Undefined index: type in /Applications/MAMP/htdocs/sites/zenpository/index.php on line 26
[11-Dec-2013 21:36:53 America/Denver] PHP Notice:  Undefined index: client in /Applications/MAMP/htdocs/sites/zenpository/index.php on line 24
[11-Dec-2013 21:36:53 America/Denver] PHP Notice:  Undefined index: project in /Applications/MAMP/htdocs/sites/zenpository/index.php on line 25
[11-Dec-2013 21:36:53 America/Denver] PHP Notice:  Undefined index: type in /Applications/MAMP/htdocs/sites/zenpository/index.php on line 26
[11-Dec-2013 21:39:48 America/Denver] PHP Notice:  Undefined index: client in /Applications/MAMP/htdocs/sites/zenpository/index.php on line 24
[11-Dec-2013 21:39:48 America/Denver] PHP Notice:  Undefined index: project in /Applications/MAMP/htdocs/sites/zenpository/index.php on line 25
[11-Dec-2013 21:39:48 America/Denver] PHP Notice:  Undefined index: type in /Applications/MAMP/htdocs/sites/zenpository/index.php on line 26
[11-Dec-2013 21:40:02 America/Denver] PHP Notice:  Undefined index: client in /Applications/MAMP/htdocs/sites/zenpository/index.php on line 24
[11-Dec-2013 21:40:02 America/Denver] PHP Notice:  Undefined index: project in /Applications/MAMP/htdocs/sites/zenpository/index.php on line 25
[11-Dec-2013 21:40:02 America/Denver] PHP Notice:  Undefined index: type in /Applications/MAMP/htdocs/sites/zenpository/index.php on line 26
[11-Dec-2013 21:40:41 America/Denver] PHP Notice:  Undefined index: client in /Applications/MAMP/htdocs/sites/zenpository/index.php on line 24
[11-Dec-2013 21:40:41 America/Denver] PHP Notice:  Undefined index: project in /Applications/MAMP/htdocs/sites/zenpository/index.php on line 25
[11-Dec-2013 21:40:41 America/Denver] PHP Notice:  Undefined index: type in /Applications/MAMP/htdocs/sites/zenpository/index.php on line 26
[11-Dec-2013 21:45:04 America/Denver] PHP Notice:  Undefined index: client in /Applications/MAMP/htdocs/sites/zenpository/index.php on line 24
[11-Dec-2013 21:45:04 America/Denver] PHP Notice:  Undefined index: project in /Applications/MAMP/htdocs/sites/zenpository/index.php on line 25
[11-Dec-2013 21:45:04 America/Denver] PHP Notice:  Undefined index: type in /Applications/MAMP/htdocs/sites/zenpository/index.php on line 26
[11-Dec-2013 21:46:58 America/Denver] PHP Notice:  Undefined index: client in /Applications/MAMP/htdocs/sites/zenpository/index.php on line 24
[11-Dec-2013 21:46:58 America/Denver] PHP Notice:  Undefined index: project in /Applications/MAMP/htdocs/sites/zenpository/index.php on line 25
[11-Dec-2013 21:46:58 America/Denver] PHP Notice:  Undefined index: type in /Applications/MAMP/htdocs/sites/zenpository/index.php on line 26
[11-Dec-2013 21:46:58 America/Denver] PHP Catchable fatal error:  Object of class mysqli_result could not be converted to string in /Applications/MAMP/htdocs/sites/zenpository/lib/helpers/db.php on line 55
[11-Dec-2013 21:47:00 America/Denver] PHP Notice:  Undefined index: client in /Applications/MAMP/htdocs/sites/zenpository/index.php on line 24
[11-Dec-2013 21:47:00 America/Denver] PHP Notice:  Undefined index: project in /Applications/MAMP/htdocs/sites/zenpository/index.php on line 25
[11-Dec-2013 21:47:00 America/Denver] PHP Notice:  Undefined index: type in /Applications/MAMP/htdocs/sites/zenpository/index.php on line 26
[11-Dec-2013 21:47:00 America/Denver] PHP Catchable fatal error:  Object of class mysqli_result could not be converted to string in /Applications/MAMP/htdocs/sites/zenpository/lib/helpers/db.php on line 55
[11-Dec-2013 21:47:09 America/Denver] PHP Notice:  Undefined index: client in /Applications/MAMP/htdocs/sites/zenpository/index.php on line 24
[11-Dec-2013 21:47:09 America/Denver] PHP Notice:  Undefined index: project in /Applications/MAMP/htdocs/sites/zenpository/index.php on line 25
[11-Dec-2013 21:47:09 America/Denver] PHP Notice:  Undefined index: type in /Applications/MAMP/htdocs/sites/zenpository/index.php on line 26
[11-Dec-2013 21:47:52 America/Denver] PHP Notice:  Undefined index: client in /Applications/MAMP/htdocs/sites/zenpository/index.php on line 24
[11-Dec-2013 21:47:52 America/Denver] PHP Notice:  Undefined index: project in /Applications/MAMP/htdocs/sites/zenpository/index.php on line 25
[11-Dec-2013 21:47:52 America/Denver] PHP Notice:  Undefined index: type in /Applications/MAMP/htdocs/sites/zenpository/index.php on line 26
[11-Dec-2013 21:48:06 America/Denver] PHP Notice:  Undefined index: client in /Applications/MAMP/htdocs/sites/zenpository/index.php on line 24
[11-Dec-2013 21:48:06 America/Denver] PHP Notice:  Undefined index: project in /Applications/MAMP/htdocs/sites/zenpository/index.php on line 25
[11-Dec-2013 21:48:06 America/Denver] PHP Notice:  Undefined index: type in /Applications/MAMP/htdocs/sites/zenpository/index.php on line 26
[11-Dec-2013 21:48:23 America/Denver] PHP Notice:  Undefined index: client in /Applications/MAMP/htdocs/sites/zenpository/index.php on line 24
[11-Dec-2013 21:48:23 America/Denver] PHP Notice:  Undefined index: project in /Applications/MAMP/htdocs/sites/zenpository/index.php on line 25
[11-Dec-2013 21:48:23 America/Denver] PHP Notice:  Undefined index: type in /Applications/MAMP/htdocs/sites/zenpository/index.php on line 26
[11-Dec-2013 21:48:42 America/Denver] PHP Notice:  Undefined index: client in /Applications/MAMP/htdocs/sites/zenpository/index.php on line 24
[11-Dec-2013 21:48:42 America/Denver] PHP Notice:  Undefined index: project in /Applications/MAMP/htdocs/sites/zenpository/index.php on line 25
[11-Dec-2013 21:48:42 America/Denver] PHP Notice:  Undefined index: type in /Applications/MAMP/htdocs/sites/zenpository/index.php on line 26
[11-Dec-2013 21:48:42 America/Denver] PHP Catchable fatal error:  Object of class mysqli_result could not be converted to string in /Applications/MAMP/htdocs/sites/zenpository/lib/helpers/db.php on line 58
[11-Dec-2013 21:48:51 America/Denver] PHP Notice:  Undefined index: client in /Applications/MAMP/htdocs/sites/zenpository/index.php on line 24
[11-Dec-2013 21:48:51 America/Denver] PHP Notice:  Undefined index: project in /Applications/MAMP/htdocs/sites/zenpository/index.php on line 25
[11-Dec-2013 21:48:51 America/Denver] PHP Notice:  Undefined index: type in /Applications/MAMP/htdocs/sites/zenpository/index.php on line 26
[11-Dec-2013 21:48:51 America/Denver] PHP Catchable fatal error:  Object of class mysqli_result could not be converted to string in /Applications/MAMP/htdocs/sites/zenpository/lib/helpers/db.php on line 58
[11-Dec-2013 21:49:31 America/Denver] PHP Notice:  Undefined index: client in /Applications/MAMP/htdocs/sites/zenpository/index.php on line 24
[11-Dec-2013 21:49:31 America/Denver] PHP Notice:  Undefined index: project in /Applications/MAMP/htdocs/sites/zenpository/index.php on line 25
[11-Dec-2013 21:49:31 America/Denver] PHP Notice:  Undefined index: type in /Applications/MAMP/htdocs/sites/zenpository/index.php on line 26
[11-Dec-2013 21:49:31 America/Denver] PHP Catchable fatal error:  Object of class mysqli_result could not be converted to string in /Applications/MAMP/htdocs/sites/zenpository/lib/helpers/db.php on line 58
[11-Dec-2013 21:49:39 America/Denver] PHP Notice:  Undefined index: client in /Applications/MAMP/htdocs/sites/zenpository/index.php on line 24
[11-Dec-2013 21:49:39 America/Denver] PHP Notice:  Undefined index: project in /Applications/MAMP/htdocs/sites/zenpository/index.php on line 25
[11-Dec-2013 21:49:39 America/Denver] PHP Notice:  Undefined index: type in /Applications/MAMP/htdocs/sites/zenpository/index.php on line 26
[11-Dec-2013 21:49:53 America/Denver] PHP Notice:  Undefined index: client in /Applications/MAMP/htdocs/sites/zenpository/index.php on line 24
[11-Dec-2013 21:49:53 America/Denver] PHP Notice:  Undefined index: project in /Applications/MAMP/htdocs/sites/zenpository/index.php on line 25
[11-Dec-2013 21:49:53 America/Denver] PHP Notice:  Undefined index: type in /Applications/MAMP/htdocs/sites/zenpository/index.php on line 26
[11-Dec-2013 21:57:38 America/Denver] PHP Notice:  Undefined index: client in /Applications/MAMP/htdocs/sites/zenpository/index.php on line 24
[11-Dec-2013 21:57:38 America/Denver] PHP Notice:  Undefined index: project in /Applications/MAMP/htdocs/sites/zenpository/index.php on line 25
[11-Dec-2013 21:57:38 America/Denver] PHP Notice:  Undefined index: type in /Applications/MAMP/htdocs/sites/zenpository/index.php on line 26
[11-Dec-2013 22:03:02 America/Denver] PHP Notice:  Undefined index: client in /Applications/MAMP/htdocs/sites/zenpository/index.php on line 24
[11-Dec-2013 22:03:02 America/Denver] PHP Notice:  Undefined index: project in /Applications/MAMP/htdocs/sites/zenpository/index.php on line 25
[11-Dec-2013 22:03:02 America/Denver] PHP Notice:  Undefined index: type in /Applications/MAMP/htdocs/sites/zenpository/index.php on line 26
[11-Dec-2013 22:03:02 America/Denver] PHP Notice:  Undefined variable: finfo in /Applications/MAMP/htdocs/sites/zenpository/lib/helpers/db.php on line 60
[11-Dec-2013 22:03:19 America/Denver] PHP Notice:  Undefined index: client in /Applications/MAMP/htdocs/sites/zenpository/index.php on line 24
[11-Dec-2013 22:03:19 America/Denver] PHP Notice:  Undefined index: project in /Applications/MAMP/htdocs/sites/zenpository/index.php on line 25
[11-Dec-2013 22:03:19 America/Denver] PHP Notice:  Undefined index: type in /Applications/MAMP/htdocs/sites/zenpository/index.php on line 26
[11-Dec-2013 22:03:19 America/Denver] PHP Notice:  Undefined variable: finfo in /Applications/MAMP/htdocs/sites/zenpository/lib/helpers/db.php on line 60
[11-Dec-2013 22:07:46 America/Denver] PHP Notice:  Undefined index: client in /Applications/MAMP/htdocs/sites/zenpository/index.php on line 24
[11-Dec-2013 22:07:46 America/Denver] PHP Notice:  Undefined index: project in /Applications/MAMP/htdocs/sites/zenpository/index.php on line 25
[11-Dec-2013 22:07:46 America/Denver] PHP Notice:  Undefined index: type in /Applications/MAMP/htdocs/sites/zenpository/index.php on line 26
